<?xml version="1.0" encoding="UTF-8"?>
<!-- Generated by org.testng.reporters.JUnitXMLReporter -->
<testsuite ignored="4" hostname="LAPTOP-BEVO0Q22" failures="1" tests="2" name="FirefoxTest" time="10.649" errors="0" timestamp="2022-07-20T20:48:15 IST">
  <testcase classname="com.app.test.ApplicationTest" name="verifyTitle" time="0.014"/>
  <testcase classname="com.app.test.ApplicationTest" name="verifyForgotPassFeatures" time="1.176">
    <failure type="org.testng.internal.reflect.MethodMatcherException" message="
[public void com.app.test.ApplicationTest.verifyForgotPassFeatures()] has no parameters defined but was found to be using a data provider (either explicitly specified or inherited from class level annotation).
Data provider mismatch
Method: verifyForgotPassFeatures([])
Arguments: [(java.lang.String) RahulDravid,(java.lang.String) RahulDravid123]">
      <![CDATA[org.testng.internal.reflect.MethodMatcherException: 
[public void com.app.test.ApplicationTest.verifyForgotPassFeatures()] has no parameters defined but was found to be using a data provider (either explicitly specified or inherited from class level annotation).
Data provider mismatch
Method: verifyForgotPassFeatures([])
Arguments: [(java.lang.String) RahulDravid,(java.lang.String) RahulDravid123]
at java.base/java.util.ArrayList.forEach(ArrayList.java:1511)
at java.base/java.util.concurrent.FutureTask.run(FutureTask.java:264)
at java.base/java.util.concurrent.ThreadPoolExecutor.runWorker(ThreadPoolExecutor.java:1136)
at java.base/java.util.concurrent.ThreadPoolExecutor$Worker.run(ThreadPoolExecutor.java:635)
at java.base/java.lang.Thread.run(Thread.java:833)
... Removed 13 stack frames]]>
    </failure>
  </testcase> <!-- verifyForgotPassFeatures -->
  <testcase classname="com.app.test.ApplicationTest" name="verifyLogo" time="0.0">
    <ignored/>
  </testcase> <!-- verifyLogo -->
  <testcase classname="com.app.test.ApplicationTest" name="verifyCaption" time="0.0">
    <ignored/>
  </testcase> <!-- verifyCaption -->
  <testcase classname="com.app.test.ApplicationTest" name="verifyRegistrationProcess" time="0.0">
    <ignored/>
  </testcase> <!-- verifyRegistrationProcess -->
  <testcase classname="com.app.test.ApplicationTest" name="verifyLoginFeature" time="0.0">
    <ignored/>
  </testcase> <!-- verifyLoginFeature -->
</testsuite> <!-- FirefoxTest -->
