<?xml version="1.0" encoding="UTF-8"?>
<testng-results ignored="0" total="8" passed="6" failed="2" skipped="0">
  <reporter-output>
  </reporter-output>
  <suite started-at="2022-07-21T20:51:15 IST" name="Suite" finished-at="2022-07-21T20:52:04 IST" duration-ms="49751">
    <groups>
      <group name="Sanity">
        <method signature="ApplicationTest.verifyForgotPassFeatures()[pri:5, instance:com.app.test.ApplicationTest@a38c7fe]" name="verifyForgotPassFeatures" class="com.app.test.ApplicationTest"/>
        <method signature="ApplicationTest.verifyTitle()[pri:0, instance:com.app.test.ApplicationTest@a38c7fe]" name="verifyTitle" class="com.app.test.ApplicationTest"/>
      </group> <!-- Sanity -->
      <group name="Regression">
        <method signature="ApplicationTest.verifyForgotPassFeatures()[pri:5, instance:com.app.test.ApplicationTest@a38c7fe]" name="verifyForgotPassFeatures" class="com.app.test.ApplicationTest"/>
        <method signature="ApplicationTest.verifyLoginFeature(java.lang.String,java.lang.String)[pri:4, instance:com.app.test.ApplicationTest@a38c7fe]" name="verifyLoginFeature" class="com.app.test.ApplicationTest"/>
        <method signature="ApplicationTest.verifyRegistrationProcess(java.lang.String,java.lang.String)[pri:3, instance:com.app.test.ApplicationTest@a38c7fe]" name="verifyRegistrationProcess" class="com.app.test.ApplicationTest"/>
      </group> <!-- Regression -->
      <group name="Smoke">
        <method signature="ApplicationTest.verifyCaption()[pri:2, instance:com.app.test.ApplicationTest@a38c7fe]" name="verifyCaption" class="com.app.test.ApplicationTest"/>
        <method signature="ApplicationTest.verifyLogo()[pri:1, instance:com.app.test.ApplicationTest@a38c7fe]" name="verifyLogo" class="com.app.test.ApplicationTest"/>
        <method signature="ApplicationTest.verifyTitle()[pri:0, instance:com.app.test.ApplicationTest@a38c7fe]" name="verifyTitle" class="com.app.test.ApplicationTest"/>
      </group> <!-- Smoke -->
    </groups>
    <test started-at="2022-07-21T20:51:15 IST" name="Test" finished-at="2022-07-21T20:52:04 IST" duration-ms="49751">
      <class name="com.app.test.ApplicationTest">
        <test-method is-config="true" signature="setupReport()[pri:0, instance:com.app.test.ApplicationTest@a38c7fe]" started-at="2022-07-21T20:51:15 IST" name="setupReport" finished-at="2022-07-21T20:51:15 IST" duration-ms="138" status="PASS">
          <reporter-output>
          </reporter-output>
        </test-method> <!-- setupReport -->
        <test-method is-config="true" signature="setupBrowser(java.lang.String)[pri:0, instance:com.app.test.ApplicationTest@a38c7fe]" started-at="2022-07-21T20:51:15 IST" name="setupBrowser" finished-at="2022-07-21T20:51:20 IST" duration-ms="5403" status="PASS">
          <params>
            <param index="0">
              <value>
                <![CDATA[chrome]]>
              </value>
            </param>
          </params>
          <reporter-output>
          </reporter-output>
        </test-method> <!-- setupBrowser -->
        <test-method signature="verifyTitle()[pri:0, instance:com.app.test.ApplicationTest@a38c7fe]" started-at="2022-07-21T20:51:20 IST" name="verifyTitle" finished-at="2022-07-21T20:51:20 IST" duration-ms="44" status="PASS">
          <reporter-output>
          </reporter-output>
        </test-method> <!-- verifyTitle -->
        <test-method is-config="true" signature="teardownBrowser()[pri:0, instance:com.app.test.ApplicationTest@a38c7fe]" started-at="2022-07-21T20:51:20 IST" name="teardownBrowser" finished-at="2022-07-21T20:51:20 IST" duration-ms="120" status="PASS">
          <reporter-output>
          </reporter-output>
        </test-method> <!-- teardownBrowser -->
        <test-method is-config="true" signature="setupBrowser(java.lang.String)[pri:0, instance:com.app.test.ApplicationTest@a38c7fe]" started-at="2022-07-21T20:51:20 IST" name="setupBrowser" finished-at="2022-07-21T20:51:25 IST" duration-ms="4833" status="PASS">
          <params>
            <param index="0">
              <value>
                <![CDATA[chrome]]>
              </value>
            </param>
          </params>
          <reporter-output>
          </reporter-output>
        </test-method> <!-- setupBrowser -->
        <test-method signature="verifyLogo()[pri:1, instance:com.app.test.ApplicationTest@a38c7fe]" started-at="2022-07-21T20:51:25 IST" name="verifyLogo" finished-at="2022-07-21T20:51:25 IST" duration-ms="55" status="PASS">
          <reporter-output>
          </reporter-output>
        </test-method> <!-- verifyLogo -->
        <test-method is-config="true" signature="teardownBrowser()[pri:0, instance:com.app.test.ApplicationTest@a38c7fe]" started-at="2022-07-21T20:51:25 IST" name="teardownBrowser" finished-at="2022-07-21T20:51:25 IST" duration-ms="123" status="PASS">
          <reporter-output>
          </reporter-output>
        </test-method> <!-- teardownBrowser -->
        <test-method is-config="true" signature="setupBrowser(java.lang.String)[pri:0, instance:com.app.test.ApplicationTest@a38c7fe]" started-at="2022-07-21T20:51:25 IST" name="setupBrowser" finished-at="2022-07-21T20:51:31 IST" duration-ms="5731" status="PASS">
          <params>
            <param index="0">
              <value>
                <![CDATA[chrome]]>
              </value>
            </param>
          </params>
          <reporter-output>
          </reporter-output>
        </test-method> <!-- setupBrowser -->
        <test-method signature="verifyCaption()[pri:2, instance:com.app.test.ApplicationTest@a38c7fe]" started-at="2022-07-21T20:51:31 IST" name="verifyCaption" finished-at="2022-07-21T20:51:31 IST" duration-ms="35" status="PASS">
          <reporter-output>
          </reporter-output>
        </test-method> <!-- verifyCaption -->
        <test-method is-config="true" signature="teardownBrowser()[pri:0, instance:com.app.test.ApplicationTest@a38c7fe]" started-at="2022-07-21T20:51:31 IST" name="teardownBrowser" finished-at="2022-07-21T20:51:31 IST" duration-ms="127" status="PASS">
          <reporter-output>
          </reporter-output>
        </test-method> <!-- teardownBrowser -->
        <test-method is-config="true" signature="setupBrowser(java.lang.String)[pri:0, instance:com.app.test.ApplicationTest@a38c7fe]" started-at="2022-07-21T20:51:32 IST" name="setupBrowser" finished-at="2022-07-21T20:51:37 IST" duration-ms="5207" status="PASS">
          <params>
            <param index="0">
              <value>
                <![CDATA[chrome]]>
              </value>
            </param>
          </params>
          <reporter-output>
          </reporter-output>
        </test-method> <!-- setupBrowser -->
        <test-method signature="verifyRegistrationProcess(java.lang.String,java.lang.String)[pri:3, instance:com.app.test.ApplicationTest@a38c7fe]" started-at="2022-07-21T20:51:37 IST" name="verifyRegistrationProcess" data-provider="data" finished-at="2022-07-21T20:51:39 IST" duration-ms="1947" status="FAIL">
          <params>
            <param index="0">
              <value>
                <![CDATA[RahulDravid]]>
              </value>
            </param>
            <param index="1">
              <value>
                <![CDATA[RahulDravid123]]>
              </value>
            </param>
          </params>
          <exception class="org.openqa.selenium.InvalidElementStateException">
            <message>
              <![CDATA[invalid element state
  (Session info: chrome=103.0.5060.134)
Build info: version: '3.141.59', revision: 'e82be7d358', time: '2018-11-14T08:17:03'
System info: host: 'LAPTOP-BEVO0Q22', ip: '192.168.0.3', os.name: 'Windows 11', os.arch: 'amd64', os.version: '10.0', java.version: '17.0.2'
Driver info: org.openqa.selenium.chrome.ChromeDriver
Capabilities {acceptInsecureCerts: false, browserName: chrome, browserVersion: 103.0.5060.134, chrome: {chromedriverVersion: 103.0.5060.134 (8ec6fce403b..., userDataDir: C:\Users\CHERUK~1\AppData\L...}, goog:chromeOptions: {debuggerAddress: localhost:51824}, javascriptEnabled: true, networkConnectionEnabled: false, pageLoadStrategy: normal, platform: WINDOWS, platformName: WINDOWS, proxy: Proxy(), setWindowRect: true, strictFileInteractability: false, timeouts: {implicit: 0, pageLoad: 300000, script: 30000}, unhandledPromptBehavior: dismiss and notify, webauthn:extension:credBlob: true, webauthn:extension:largeBlob: true, webauthn:virtualAuthenticators: true}
Session ID: 92963a267009791fac1055ce180437fd]]>
            </message>
            <full-stacktrace>
              <![CDATA[org.openqa.selenium.InvalidElementStateException: invalid element state
  (Session info: chrome=103.0.5060.134)
Build info: version: '3.141.59', revision: 'e82be7d358', time: '2018-11-14T08:17:03'
System info: host: 'LAPTOP-BEVO0Q22', ip: '192.168.0.3', os.name: 'Windows 11', os.arch: 'amd64', os.version: '10.0', java.version: '17.0.2'
Driver info: org.openqa.selenium.chrome.ChromeDriver
Capabilities {acceptInsecureCerts: false, browserName: chrome, browserVersion: 103.0.5060.134, chrome: {chromedriverVersion: 103.0.5060.134 (8ec6fce403b..., userDataDir: C:\Users\CHERUK~1\AppData\L...}, goog:chromeOptions: {debuggerAddress: localhost:51824}, javascriptEnabled: true, networkConnectionEnabled: false, pageLoadStrategy: normal, platform: WINDOWS, platformName: WINDOWS, proxy: Proxy(), setWindowRect: true, strictFileInteractability: false, timeouts: {implicit: 0, pageLoad: 300000, script: 30000}, unhandledPromptBehavior: dismiss and notify, webauthn:extension:credBlob: true, webauthn:extension:largeBlob: true, webauthn:virtualAuthenticators: true}
Session ID: 92963a267009791fac1055ce180437fd
at java.base/jdk.internal.reflect.NativeConstructorAccessorImpl.newInstance0(Native Method)
at java.base/jdk.internal.reflect.NativeConstructorAccessorImpl.newInstance(NativeConstructorAccessorImpl.java:77)
at java.base/jdk.internal.reflect.DelegatingConstructorAccessorImpl.newInstance(DelegatingConstructorAccessorImpl.java:45)
at java.base/java.lang.reflect.Constructor.newInstanceWithCaller(Constructor.java:499)
at java.base/java.lang.reflect.Constructor.newInstance(Constructor.java:480)
at org.openqa.selenium.remote.http.W3CHttpResponseCodec.createException(W3CHttpResponseCodec.java:187)
at org.openqa.selenium.remote.http.W3CHttpResponseCodec.decode(W3CHttpResponseCodec.java:122)
at org.openqa.selenium.remote.http.W3CHttpResponseCodec.decode(W3CHttpResponseCodec.java:49)
at org.openqa.selenium.remote.HttpCommandExecutor.execute(HttpCommandExecutor.java:158)
at org.openqa.selenium.remote.service.DriverCommandExecutor.execute(DriverCommandExecutor.java:83)
at org.openqa.selenium.remote.RemoteWebDriver.execute(RemoteWebDriver.java:552)
at org.openqa.selenium.remote.RemoteWebElement.execute(RemoteWebElement.java:285)
at org.openqa.selenium.remote.RemoteWebElement.clear(RemoteWebElement.java:124)
at java.base/jdk.internal.reflect.NativeMethodAccessorImpl.invoke0(Native Method)
at java.base/jdk.internal.reflect.NativeMethodAccessorImpl.invoke(NativeMethodAccessorImpl.java:77)
at java.base/jdk.internal.reflect.DelegatingMethodAccessorImpl.invoke(DelegatingMethodAccessorImpl.java:43)
at java.base/java.lang.reflect.Method.invoke(Method.java:568)
at org.openqa.selenium.support.pagefactory.internal.LocatingElementHandler.invoke(LocatingElementHandler.java:51)
at jdk.proxy2/jdk.proxy2.$Proxy16.clear(Unknown Source)
at com.framework.commons.WebCommons.enterInfo(WebCommons.java:45)
at com.app.pages.RegistrationPage.verifyRegistrationFeatures(RegistrationPage.java:75)
at com.app.test.ApplicationTest.verifyRegistrationProcess(ApplicationTest.java:39)
at java.base/jdk.internal.reflect.NativeMethodAccessorImpl.invoke0(Native Method)
at java.base/jdk.internal.reflect.NativeMethodAccessorImpl.invoke(NativeMethodAccessorImpl.java:77)
at java.base/jdk.internal.reflect.DelegatingMethodAccessorImpl.invoke(DelegatingMethodAccessorImpl.java:43)
at java.base/java.lang.reflect.Method.invoke(Method.java:568)
at org.testng.internal.MethodInvocationHelper.invokeMethod(MethodInvocationHelper.java:133)
at org.testng.internal.TestInvoker.invokeMethod(TestInvoker.java:598)
at org.testng.internal.TestInvoker.invokeTestMethod(TestInvoker.java:173)
at org.testng.internal.MethodRunner.runInSequence(MethodRunner.java:46)
at org.testng.internal.TestInvoker$MethodInvocationAgent.invoke(TestInvoker.java:824)
at org.testng.internal.TestInvoker.invokeTestMethods(TestInvoker.java:146)
at org.testng.internal.TestMethodWorker.invokeTestMethods(TestMethodWorker.java:146)
at org.testng.internal.TestMethodWorker.run(TestMethodWorker.java:128)
at java.base/java.util.ArrayList.forEach(ArrayList.java:1511)
at org.testng.TestRunner.privateRun(TestRunner.java:794)
at org.testng.TestRunner.run(TestRunner.java:596)
at org.testng.SuiteRunner.runTest(SuiteRunner.java:377)
at org.testng.SuiteRunner.runSequentially(SuiteRunner.java:371)
at org.testng.SuiteRunner.privateRun(SuiteRunner.java:332)
at org.testng.SuiteRunner.run(SuiteRunner.java:276)
at org.testng.SuiteRunnerWorker.runSuite(SuiteRunnerWorker.java:53)
at org.testng.SuiteRunnerWorker.run(SuiteRunnerWorker.java:96)
at org.testng.TestNG.runSuitesSequentially(TestNG.java:1212)
at org.testng.TestNG.runSuitesLocally(TestNG.java:1134)
at org.testng.TestNG.runSuites(TestNG.java:1063)
at org.testng.TestNG.run(TestNG.java:1031)
at org.testng.remote.AbstractRemoteTestNG.run(AbstractRemoteTestNG.java:115)
at org.testng.remote.RemoteTestNG.initAndRun(RemoteTestNG.java:251)
at org.testng.remote.RemoteTestNG.main(RemoteTestNG.java:77)
]]>
            </full-stacktrace>
          </exception> <!-- org.openqa.selenium.InvalidElementStateException -->
          <reporter-output>
          </reporter-output>
        </test-method> <!-- verifyRegistrationProcess -->
        <test-method is-config="true" signature="teardownBrowser()[pri:0, instance:com.app.test.ApplicationTest@a38c7fe]" started-at="2022-07-21T20:51:39 IST" name="teardownBrowser" finished-at="2022-07-21T20:51:39 IST" duration-ms="135" status="PASS">
          <reporter-output>
          </reporter-output>
        </test-method> <!-- teardownBrowser -->
        <test-method is-config="true" signature="setupBrowser(java.lang.String)[pri:0, instance:com.app.test.ApplicationTest@a38c7fe]" started-at="2022-07-21T20:51:39 IST" name="setupBrowser" finished-at="2022-07-21T20:51:43 IST" duration-ms="4061" status="PASS">
          <params>
            <param index="0">
              <value>
                <![CDATA[chrome]]>
              </value>
            </param>
          </params>
          <reporter-output>
          </reporter-output>
        </test-method> <!-- setupBrowser -->
        <test-method signature="verifyRegistrationProcess(java.lang.String,java.lang.String)[pri:3, instance:com.app.test.ApplicationTest@a38c7fe]" started-at="2022-07-21T20:51:43 IST" name="verifyRegistrationProcess" data-provider="data" finished-at="2022-07-21T20:51:45 IST" duration-ms="1754" status="FAIL">
          <params>
            <param index="0">
              <value>
                <![CDATA[SachinTen]]>
              </value>
            </param>
            <param index="1">
              <value>
                <![CDATA[SachinTen123]]>
              </value>
            </param>
          </params>
          <exception class="org.openqa.selenium.InvalidElementStateException">
            <message>
              <![CDATA[invalid element state
  (Session info: chrome=103.0.5060.134)
Build info: version: '3.141.59', revision: 'e82be7d358', time: '2018-11-14T08:17:03'
System info: host: 'LAPTOP-BEVO0Q22', ip: '192.168.0.3', os.name: 'Windows 11', os.arch: 'amd64', os.version: '10.0', java.version: '17.0.2'
Driver info: org.openqa.selenium.chrome.ChromeDriver
Capabilities {acceptInsecureCerts: false, browserName: chrome, browserVersion: 103.0.5060.134, chrome: {chromedriverVersion: 103.0.5060.134 (8ec6fce403b..., userDataDir: C:\Users\CHERUK~1\AppData\L...}, goog:chromeOptions: {debuggerAddress: localhost:51841}, javascriptEnabled: true, networkConnectionEnabled: false, pageLoadStrategy: normal, platform: WINDOWS, platformName: WINDOWS, proxy: Proxy(), setWindowRect: true, strictFileInteractability: false, timeouts: {implicit: 0, pageLoad: 300000, script: 30000}, unhandledPromptBehavior: dismiss and notify, webauthn:extension:credBlob: true, webauthn:extension:largeBlob: true, webauthn:virtualAuthenticators: true}
Session ID: 87e4ef922d085e19acb450530ae997ea]]>
            </message>
            <full-stacktrace>
              <![CDATA[org.openqa.selenium.InvalidElementStateException: invalid element state
  (Session info: chrome=103.0.5060.134)
Build info: version: '3.141.59', revision: 'e82be7d358', time: '2018-11-14T08:17:03'
System info: host: 'LAPTOP-BEVO0Q22', ip: '192.168.0.3', os.name: 'Windows 11', os.arch: 'amd64', os.version: '10.0', java.version: '17.0.2'
Driver info: org.openqa.selenium.chrome.ChromeDriver
Capabilities {acceptInsecureCerts: false, browserName: chrome, browserVersion: 103.0.5060.134, chrome: {chromedriverVersion: 103.0.5060.134 (8ec6fce403b..., userDataDir: C:\Users\CHERUK~1\AppData\L...}, goog:chromeOptions: {debuggerAddress: localhost:51841}, javascriptEnabled: true, networkConnectionEnabled: false, pageLoadStrategy: normal, platform: WINDOWS, platformName: WINDOWS, proxy: Proxy(), setWindowRect: true, strictFileInteractability: false, timeouts: {implicit: 0, pageLoad: 300000, script: 30000}, unhandledPromptBehavior: dismiss and notify, webauthn:extension:credBlob: true, webauthn:extension:largeBlob: true, webauthn:virtualAuthenticators: true}
Session ID: 87e4ef922d085e19acb450530ae997ea
at java.base/jdk.internal.reflect.NativeConstructorAccessorImpl.newInstance0(Native Method)
at java.base/jdk.internal.reflect.NativeConstructorAccessorImpl.newInstance(NativeConstructorAccessorImpl.java:77)
at java.base/jdk.internal.reflect.DelegatingConstructorAccessorImpl.newInstance(DelegatingConstructorAccessorImpl.java:45)
at java.base/java.lang.reflect.Constructor.newInstanceWithCaller(Constructor.java:499)
at java.base/java.lang.reflect.Constructor.newInstance(Constructor.java:480)
at org.openqa.selenium.remote.http.W3CHttpResponseCodec.createException(W3CHttpResponseCodec.java:187)
at org.openqa.selenium.remote.http.W3CHttpResponseCodec.decode(W3CHttpResponseCodec.java:122)
at org.openqa.selenium.remote.http.W3CHttpResponseCodec.decode(W3CHttpResponseCodec.java:49)
at org.openqa.selenium.remote.HttpCommandExecutor.execute(HttpCommandExecutor.java:158)
at org.openqa.selenium.remote.service.DriverCommandExecutor.execute(DriverCommandExecutor.java:83)
at org.openqa.selenium.remote.RemoteWebDriver.execute(RemoteWebDriver.java:552)
at org.openqa.selenium.remote.RemoteWebElement.execute(RemoteWebElement.java:285)
at org.openqa.selenium.remote.RemoteWebElement.clear(RemoteWebElement.java:124)
at jdk.internal.reflect.GeneratedMethodAccessor1.invoke(Unknown Source)
at java.base/jdk.internal.reflect.DelegatingMethodAccessorImpl.invoke(DelegatingMethodAccessorImpl.java:43)
at java.base/java.lang.reflect.Method.invoke(Method.java:568)
at org.openqa.selenium.support.pagefactory.internal.LocatingElementHandler.invoke(LocatingElementHandler.java:51)
at jdk.proxy2/jdk.proxy2.$Proxy16.clear(Unknown Source)
at com.framework.commons.WebCommons.enterInfo(WebCommons.java:45)
at com.app.pages.RegistrationPage.verifyRegistrationFeatures(RegistrationPage.java:75)
at com.app.test.ApplicationTest.verifyRegistrationProcess(ApplicationTest.java:39)
at java.base/jdk.internal.reflect.NativeMethodAccessorImpl.invoke0(Native Method)
at java.base/jdk.internal.reflect.NativeMethodAccessorImpl.invoke(NativeMethodAccessorImpl.java:77)
at java.base/jdk.internal.reflect.DelegatingMethodAccessorImpl.invoke(DelegatingMethodAccessorImpl.java:43)
at java.base/java.lang.reflect.Method.invoke(Method.java:568)
at org.testng.internal.MethodInvocationHelper.invokeMethod(MethodInvocationHelper.java:133)
at org.testng.internal.TestInvoker.invokeMethod(TestInvoker.java:598)
at org.testng.internal.TestInvoker.invokeTestMethod(TestInvoker.java:173)
at org.testng.internal.MethodRunner.runInSequence(MethodRunner.java:46)
at org.testng.internal.TestInvoker$MethodInvocationAgent.invoke(TestInvoker.java:824)
at org.testng.internal.TestInvoker.invokeTestMethods(TestInvoker.java:146)
at org.testng.internal.TestMethodWorker.invokeTestMethods(TestMethodWorker.java:146)
at org.testng.internal.TestMethodWorker.run(TestMethodWorker.java:128)
at java.base/java.util.ArrayList.forEach(ArrayList.java:1511)
at org.testng.TestRunner.privateRun(TestRunner.java:794)
at org.testng.TestRunner.run(TestRunner.java:596)
at org.testng.SuiteRunner.runTest(SuiteRunner.java:377)
at org.testng.SuiteRunner.runSequentially(SuiteRunner.java:371)
at org.testng.SuiteRunner.privateRun(SuiteRunner.java:332)
at org.testng.SuiteRunner.run(SuiteRunner.java:276)
at org.testng.SuiteRunnerWorker.runSuite(SuiteRunnerWorker.java:53)
at org.testng.SuiteRunnerWorker.run(SuiteRunnerWorker.java:96)
at org.testng.TestNG.runSuitesSequentially(TestNG.java:1212)
at org.testng.TestNG.runSuitesLocally(TestNG.java:1134)
at org.testng.TestNG.runSuites(TestNG.java:1063)
at org.testng.TestNG.run(TestNG.java:1031)
at org.testng.remote.AbstractRemoteTestNG.run(AbstractRemoteTestNG.java:115)
at org.testng.remote.RemoteTestNG.initAndRun(RemoteTestNG.java:251)
at org.testng.remote.RemoteTestNG.main(RemoteTestNG.java:77)
]]>
            </full-stacktrace>
          </exception> <!-- org.openqa.selenium.InvalidElementStateException -->
          <reporter-output>
          </reporter-output>
        </test-method> <!-- verifyRegistrationProcess -->
        <test-method is-config="true" signature="teardownBrowser()[pri:0, instance:com.app.test.ApplicationTest@a38c7fe]" started-at="2022-07-21T20:51:45 IST" name="teardownBrowser" finished-at="2022-07-21T20:51:45 IST" duration-ms="132" status="PASS">
          <reporter-output>
          </reporter-output>
        </test-method> <!-- teardownBrowser -->
        <test-method is-config="true" signature="setupBrowser(java.lang.String)[pri:0, instance:com.app.test.ApplicationTest@a38c7fe]" started-at="2022-07-21T20:51:45 IST" name="setupBrowser" finished-at="2022-07-21T20:51:50 IST" duration-ms="4958" status="PASS">
          <params>
            <param index="0">
              <value>
                <![CDATA[chrome]]>
              </value>
            </param>
          </params>
          <reporter-output>
          </reporter-output>
        </test-method> <!-- setupBrowser -->
        <test-method signature="verifyLoginFeature(java.lang.String,java.lang.String)[pri:4, instance:com.app.test.ApplicationTest@a38c7fe]" started-at="2022-07-21T20:51:50 IST" name="verifyLoginFeature" data-provider="data" finished-at="2022-07-21T20:51:52 IST" duration-ms="1459" status="PASS">
          <params>
            <param index="0">
              <value>
                <![CDATA[RahulDravid]]>
              </value>
            </param>
            <param index="1">
              <value>
                <![CDATA[RahulDravid123]]>
              </value>
            </param>
          </params>
          <reporter-output>
          </reporter-output>
        </test-method> <!-- verifyLoginFeature -->
        <test-method is-config="true" signature="teardownBrowser()[pri:0, instance:com.app.test.ApplicationTest@a38c7fe]" started-at="2022-07-21T20:51:52 IST" name="teardownBrowser" finished-at="2022-07-21T20:51:52 IST" duration-ms="138" status="PASS">
          <reporter-output>
          </reporter-output>
        </test-method> <!-- teardownBrowser -->
        <test-method is-config="true" signature="setupBrowser(java.lang.String)[pri:0, instance:com.app.test.ApplicationTest@a38c7fe]" started-at="2022-07-21T20:51:52 IST" name="setupBrowser" finished-at="2022-07-21T20:51:57 IST" duration-ms="5666" status="PASS">
          <params>
            <param index="0">
              <value>
                <![CDATA[chrome]]>
              </value>
            </param>
          </params>
          <reporter-output>
          </reporter-output>
        </test-method> <!-- setupBrowser -->
        <test-method signature="verifyLoginFeature(java.lang.String,java.lang.String)[pri:4, instance:com.app.test.ApplicationTest@a38c7fe]" started-at="2022-07-21T20:51:57 IST" name="verifyLoginFeature" data-provider="data" finished-at="2022-07-21T20:51:59 IST" duration-ms="1323" status="PASS">
          <params>
            <param index="0">
              <value>
                <![CDATA[SachinTen]]>
              </value>
            </param>
            <param index="1">
              <value>
                <![CDATA[SachinTen123]]>
              </value>
            </param>
          </params>
          <reporter-output>
          </reporter-output>
        </test-method> <!-- verifyLoginFeature -->
        <test-method is-config="true" signature="teardownBrowser()[pri:0, instance:com.app.test.ApplicationTest@a38c7fe]" started-at="2022-07-21T20:51:59 IST" name="teardownBrowser" finished-at="2022-07-21T20:51:59 IST" duration-ms="130" status="PASS">
          <reporter-output>
          </reporter-output>
        </test-method> <!-- teardownBrowser -->
        <test-method is-config="true" signature="setupBrowser(java.lang.String)[pri:0, instance:com.app.test.ApplicationTest@a38c7fe]" started-at="2022-07-21T20:51:59 IST" name="setupBrowser" finished-at="2022-07-21T20:52:04 IST" duration-ms="4611" status="PASS">
          <params>
            <param index="0">
              <value>
                <![CDATA[chrome]]>
              </value>
            </param>
          </params>
          <reporter-output>
          </reporter-output>
        </test-method> <!-- setupBrowser -->
        <test-method signature="verifyForgotPassFeatures()[pri:5, instance:com.app.test.ApplicationTest@a38c7fe]" started-at="2022-07-21T20:52:04 IST" name="verifyForgotPassFeatures" finished-at="2022-07-21T20:52:04 IST" duration-ms="784" status="PASS">
          <reporter-output>
          </reporter-output>
        </test-method> <!-- verifyForgotPassFeatures -->
        <test-method is-config="true" signature="teardownBrowser()[pri:0, instance:com.app.test.ApplicationTest@a38c7fe]" started-at="2022-07-21T20:52:04 IST" name="teardownBrowser" finished-at="2022-07-21T20:52:04 IST" duration-ms="138" status="PASS">
          <reporter-output>
          </reporter-output>
        </test-method> <!-- teardownBrowser -->
        <test-method is-config="true" signature="teardownReport()[pri:0, instance:com.app.test.ApplicationTest@a38c7fe]" started-at="2022-07-21T20:52:04 IST" name="teardownReport" finished-at="2022-07-21T20:52:05 IST" duration-ms="280" status="PASS">
          <reporter-output>
          </reporter-output>
        </test-method> <!-- teardownReport -->
      </class> <!-- com.app.test.ApplicationTest -->
    </test> <!-- Test -->
  </suite> <!-- Suite -->
</testng-results>
